<?xml version="1.0" encoding="UTF-8"?>
<!-- Generated by org.testng.reporters.JUnitReportReporter -->
<testsuite hostname="DESKTOP-TVD4B1F" failures="0" tests="1" name="Data.Driven.REadExcel" time="4.596" errors="0" timestamp="2024-02-27T13:33:10 IST" skipped="0">
  <testcase classname="Data.Driven.REadExcel" name="fblogin" time="4.596"/>
  <system-out/>
</testsuite> <!-- Data.Driven.REadExcel -->
