<?xml version="1.0" encoding="UTF-8"?>
<!-- Generated by org.testng.reporters.JUnitReportReporter -->
<testsuite hostname="DESKTOP-TVD4B1F" failures="0" tests="1" name="Data.Driven.WriteExcel" time="3.410" errors="0" timestamp="2024-02-27T14:10:58 IST" skipped="0">
  <testcase classname="Data.Driven.WriteExcel" name="fblogin" time="3.410"/>
  <system-out/>
</testsuite> <!-- Data.Driven.WriteExcel -->
